TN:
SF:C:\git_hub_repos\formula-anugular\src\polyfills.ts
FNF:0
FNH:0
LF:0
LH:0
BRF:0
BRH:0
end_of_record
TN:
SF:C:/git_hub_repos/formula-anugular/src/test.ts
FNF:0
FNH:0
DA:13,1
DA:18,1
DA:20,1
LF:3
LH:3
BRF:0
BRH:0
end_of_record
TN:
SF:C:\git_hub_repos\formula-anugular\src\test.ts
FNF:0
FNH:0
LF:0
LH:0
BRF:0
BRH:0
end_of_record
TN:
SF:C:/git_hub_repos/formula-anugular/src/app/app.component.ts
FN:9,(anonymous_3)
FN:12,AppComponent
FN:15,(anonymous_5)
FNF:3
FNH:3
FNDA:1,(anonymous_3)
FNDA:3,AppComponent
FNDA:3,(anonymous_5)
DA:9,1
DA:10,3
DA:12,3
DA:15,1
DA:16,3
DA:17,3
DA:20,1
LF:7
LH:7
BRDA:16,0,0,3
BRDA:16,0,1,0
BRDA:16,1,0,3
BRDA:16,1,1,0
BRF:4
BRH:2
end_of_record
TN:
SF:C:\git_hub_repos\formula-anugular\src\app\app.component.ts
FNF:0
FNH:0
LF:0
LH:0
BRF:0
BRH:0
end_of_record
TN:
SF:C:/git_hub_repos/formula-anugular/src/app/banner/banner.component.ts
FN:10,(anonymous_3)
FN:11,BannerComponent
FN:13,(anonymous_5)
FN:15,(anonymous_6)
FNF:4
FNH:4
FNDA:1,(anonymous_3)
FNDA:5,BannerComponent
FNDA:5,(anonymous_5)
FNDA:1,(anonymous_6)
DA:10,1
DA:11,5
DA:13,1
DA:15,1
DA:16,1
DA:17,1
DA:18,1
DA:20,1
LF:8
LH:8
BRF:0
BRH:0
end_of_record
TN:
SF:C:\git_hub_repos\formula-anugular\src\app\banner\banner.component.ts
FNF:0
FNH:0
LF:0
LH:0
BRF:0
BRH:0
end_of_record
TN:
SF:C:/git_hub_repos/formula-anugular/src/app/login/login.component.ts
FN:12,(anonymous_3)
FN:16,LoginComponent
FN:19,(anonymous_5)
FN:27,(anonymous_6)
FNF:4
FNH:4
FNDA:1,(anonymous_3)
FNDA:5,LoginComponent
FNDA:5,(anonymous_5)
FNDA:2,(anonymous_6)
DA:12,1
DA:16,5
DA:19,1
DA:20,5
DA:21,5
DA:27,1
DA:29,2
DA:30,2
DA:31,2
DA:32,2
DA:33,2
DA:35,0
DA:39,1
LF:13
LH:12
BRDA:29,0,0,2
BRDA:29,0,1,0
BRF:2
BRH:1
end_of_record
TN:
SF:C:\git_hub_repos\formula-anugular\src\app\login\login.component.ts
FNF:0
FNH:0
LF:0
LH:0
BRF:0
BRH:0
end_of_record
TN:
SF:C:/git_hub_repos/formula-anugular/src/app/member-details/member-details.component.ts
FN:22,(anonymous_3)
FN:33,MemberDetailsComponent
FN:35,(anonymous_5)
FN:46,(anonymous_6)
FN:57,(anonymous_7)
FN:64,(anonymous_8)
FN:67,(anonymous_9)
FNF:7
FNH:5
FNDA:1,(anonymous_3)
FNDA:3,MemberDetailsComponent
FNDA:3,(anonymous_5)
FNDA:0,(anonymous_6)
FNDA:3,(anonymous_7)
FNDA:0,(anonymous_8)
FNDA:1,(anonymous_9)
DA:22,1
DA:25,3
DA:28,3
DA:30,3
DA:33,3
DA:35,3
DA:37,3
DA:44,3
DA:45,0
DA:47,0
DA:57,3
DA:64,1
DA:67,1
DA:68,1
DA:70,1
DA:71,0
DA:72,0
DA:75,1
DA:76,1
DA:79,1
DA:81,1
LF:21
LH:17
BRDA:44,0,0,0
BRDA:44,0,1,3
BRDA:70,1,0,0
BRDA:70,1,1,1
BRF:4
BRH:2
end_of_record
TN:
SF:C:\git_hub_repos\formula-anugular\src\app\member-details\member-details.component.ts
FNF:0
FNH:0
LF:0
LH:0
BRF:0
BRH:0
end_of_record
TN:
SF:C:/git_hub_repos/formula-anugular/src/app/members/members.component.ts
FN:12,(anonymous_3)
FN:15,MembersComponent
FN:17,(anonymous_5)
FN:19,(anonymous_6)
FN:25,(anonymous_7)
FN:31,(anonymous_8)
FN:38,(anonymous_9)
FN:40,(anonymous_10)
FN:41,(anonymous_11)
FNF:9
FNH:7
FNDA:1,(anonymous_3)
FNDA:5,MembersComponent
FNDA:5,(anonymous_5)
FNDA:5,(anonymous_6)
FNDA:1,(anonymous_7)
FNDA:1,(anonymous_8)
FNDA:1,(anonymous_9)
FNDA:0,(anonymous_10)
FNDA:0,(anonymous_11)
DA:12,1
DA:13,5
DA:15,5
DA:17,5
DA:18,5
DA:19,5
DA:20,5
DA:22,5
DA:25,1
DA:27,1
DA:28,1
DA:31,1
DA:33,1
DA:34,1
DA:35,1
DA:38,1
DA:39,1
DA:41,0
DA:43,0
DA:45,1
LF:20
LH:18
BRF:0
BRH:0
end_of_record
TN:
SF:C:\git_hub_repos\formula-anugular\src\app\members\members.component.ts
FNF:0
FNH:0
LF:0
LH:0
BRF:0
BRH:0
end_of_record
TN:
SF:C:/git_hub_repos/formula-anugular/src/app/services/app.service.ts
FN:10,(anonymous_3)
FN:14,AppService
FN:16,(anonymous_5)
FN:32,(anonymous_6)
FN:41,(anonymous_7)
FN:47,(anonymous_8)
FN:51,(anonymous_9)
FN:54,(anonymous_10)
FN:57,(anonymous_11)
FN:60,(anonymous_12)
FN:63,(anonymous_13)
FN:68,(anonymous_14)
FN:77,(anonymous_15)
FNF:13
FNH:8
FNDA:1,(anonymous_3)
FNDA:14,AppService
FNDA:2,(anonymous_5)
FNDA:1,(anonymous_6)
FNDA:1,(anonymous_7)
FNDA:2,(anonymous_8)
FNDA:0,(anonymous_9)
FNDA:0,(anonymous_10)
FNDA:0,(anonymous_11)
FNDA:0,(anonymous_12)
FNDA:1,(anonymous_13)
FNDA:1,(anonymous_14)
FNDA:0,(anonymous_15)
DA:10,1
DA:11,14
DA:14,14
DA:16,1
DA:17,2
DA:18,2
DA:19,2
DA:20,1
DA:21,1
DA:26,1
DA:28,1
DA:32,1
DA:33,1
DA:34,1
DA:41,1
DA:42,1
DA:47,1
DA:48,2
DA:51,1
DA:52,0
DA:54,0
DA:57,1
DA:58,0
DA:60,0
DA:63,1
DA:64,1
DA:68,1
DA:69,1
DA:72,1
DA:77,1
DA:78,0
DA:79,0
DA:81,0
DA:85,0
DA:87,1
LF:35
LH:27
BRDA:20,0,0,1
BRDA:20,0,1,0
BRDA:20,1,0,1
BRDA:20,1,1,1
BRDA:78,2,0,0
BRDA:78,2,1,0
BRF:6
BRH:3
end_of_record
TN:
SF:C:\git_hub_repos\formula-anugular\src\app\services\app.service.ts
FNF:0
FNH:0
LF:0
LH:0
BRF:0
BRH:0
end_of_record
TN:
SF:C:/git_hub_repos/formula-anugular/src/app/services/auth.guard.ts
FN:9,(anonymous_3)
FN:11,AuthGuard
FN:13,(anonymous_5)
FN:21,(anonymous_6)
FNF:4
FNH:4
FNDA:1,(anonymous_3)
FNDA:3,AuthGuard
FNDA:2,(anonymous_5)
FNDA:2,(anonymous_6)
DA:9,1
DA:11,3
DA:13,1
DA:17,2
DA:18,2
DA:21,1
DA:22,2
DA:23,1
DA:25,1
DA:26,1
DA:28,1
LF:11
LH:11
BRDA:22,0,0,1
BRDA:22,0,1,1
BRF:2
BRH:2
end_of_record
TN:
SF:C:\git_hub_repos\formula-anugular\src\app\services\auth.guard.ts
FNF:0
FNH:0
LF:0
LH:0
BRF:0
BRH:0
end_of_record
